<?xml version="1.0" encoding="UTF-8"?>
<!-- Generated by org.testng.reporters.JUnitReportReporter -->
<testsuite skipped="0" hostname="NSL-MFERNANDEZs-MacBook-Pro.local" name="Tests.RequestQuoteTest" tests="4" failures="0" timestamp="15 Apr 2019 17:44:58 GMT" time="26.985" errors="0">
  <testcase name="clickQoute" time="1.527" classname="Tests.RequestQuoteTest"/>
  <testcase name="fillRequestQuote" time="8.106" classname="Tests.RequestQuoteTest"/>
  <testcase name="submitQuote" time="6.280" classname="Tests.RequestQuoteTest"/>
  <testcase name="verifyEmail" time="11.072" classname="Tests.RequestQuoteTest"/>
</testsuite> <!-- Tests.RequestQuoteTest -->
