<?xml version="1.0" encoding="UTF-8"?>
<!-- Generated by org.testng.reporters.JUnitReportReporter -->
<testsuite skipped="0" hostname="NSL-MFERNANDEZs-MacBook-Pro.local" name="Tests.ikonTest" tests="10" failures="0" timestamp="11 Apr 2019 21:53:33 GMT" time="48.180" errors="0">
  <testcase name="ikonPage" time="0.769" classname="Tests.ikonTest"/>
  <testcase name="ikonPasses" time="0.663" classname="Tests.ikonTest"/>
  <testcase name="ikonAdultPasses" time="2.434" classname="Tests.ikonTest"/>
  <testcase name="ikonTeensPasses" time="1.683" classname="Tests.ikonTest"/>
  <testcase name="ikonChildPasses" time="1.645" classname="Tests.ikonTest"/>
  <testcase name="ikonToddlerPasses" time="1.594" classname="Tests.ikonTest"/>
  <testcase name="addremoveExtraPasses" time="13.964" classname="Tests.ikonTest"/>
  <testcase name="clickLetBook" time="9.789" classname="Tests.ikonTest"/>
  <testcase name="setTravelers" time="14.035" classname="Tests.ikonTest"/>
  <testcase name="BillingInformation" time="1.604" classname="Tests.ikonTest"/>
</testsuite> <!-- Tests.ikonTest -->
