<?xml version="1.0" encoding="UTF-8"?>
<!-- Generated by org.testng.reporters.JUnitReportReporter -->
<testsuite skipped="0" hostname="NSL-MFERNANDEZs-MacBook-Pro.local" name="Tests.SkiTravel" tests="4" failures="0" timestamp="15 Apr 2019 17:45:34 GMT" time="11.778" errors="0">
  <testcase name="SelectTravelDates" time="4.103" classname="Tests.SkiTravel"/>
  <testcase name="SelectHotelStepOne" time="3.828" classname="Tests.SkiTravel"/>
  <testcase name="SelectRoomStepTwo" time="1.966" classname="Tests.SkiTravel"/>
  <testcase name="VerifyTotalPriceStepThree" time="1.881" classname="Tests.SkiTravel"/>
</testsuite> <!-- Tests.SkiTravel -->
